# JRE version: Java(TM) SE Runtime Environment (8.0_31-b13) (build 1.8.0_31-b13)
# Java VM: Java HotSpot(TM) 64-Bit Server VM (25.31-b07 mixed mode bsd-amd64 compressed oops)
Heap:
 PSYoungGen      total 18944K, used 435K [0x00000007aab00000, 0x00000007ad000000, 0x00000007c0000000)
  eden space 16384K, 2% used [0x00000007aab00000,0x00000007aab6ce88,0x00000007abb00000)
  from space 2560K, 0% used [0x00000007abb00000,0x00000007abb00000,0x00000007abd80000)
  to   space 2560K, 0% used [0x00000007acd80000,0x00000007acd80000,0x00000007ad000000)
 ParOldGen       total 50688K, used 11633K [0x0000000780000000, 0x0000000783180000, 0x00000007aab00000)
  object space 50688K, 22% used [0x0000000780000000,0x0000000780b5c7a8,0x0000000783180000)
 Metaspace       used 9394K, capacity 9550K, committed 9728K, reserved 1058816K
  class space    used 1126K, capacity 1179K, committed 1280K, reserved 1048576K
GC Heap History (8 events):
Event: 36.898 GC heap before
{Heap before GC invocations=1 (full 0):
 PSYoungGen      total 18944K, used 14753K [0x00000007aab00000, 0x00000007ac000000, 0x00000007c0000000)
  eden space 16384K, 90% used [0x00000007aab00000,0x00000007ab968668,0x00000007abb00000)
  from space 2560K, 0% used [0x00000007abd80000,0x00000007abd80000,0x00000007ac000000)
  to   space 2560K, 0% used [0x00000007abb00000,0x00000007abb00000,0x00000007abd80000)
 ParOldGen       total 44032K, used 0K [0x0000000780000000, 0x0000000782b00000, 0x00000007aab00000)
  object space 44032K, 0% used [0x0000000780000000,0x0000000780000000,0x0000000782b00000)
 Metaspace       used 9285K, capacity 9488K, committed 9728K, reserved 1058816K
  class space    used 1116K, capacity 1180K, committed 1280K, reserved 1048576K
Event: 36.909 GC heap after
Heap after GC invocations=1 (full 0):
 PSYoungGen      total 18944K, used 2144K [0x00000007aab00000, 0x00000007ac000000, 0x00000007c0000000)
  eden space 16384K, 0% used [0x00000007aab00000,0x00000007aab00000,0x00000007abb00000)
  from space 2560K, 83% used [0x00000007abb00000,0x00000007abd18020,0x00000007abd80000)
  to   space 2560K, 0% used [0x00000007abd80000,0x00000007abd80000,0x00000007ac000000)
 ParOldGen       total 44032K, used 16K [0x0000000780000000, 0x0000000782b00000, 0x00000007aab00000)
  object space 44032K, 0% used [0x0000000780000000,0x0000000780004000,0x0000000782b00000)
 Metaspace       used 9285K, capacity 9488K, committed 9728K, reserved 1058816K
  class space    used 1116K, capacity 1180K, committed 1280K, reserved 1048576K
}
Event: 37.064 GC heap before
{Heap before GC invocations=2 (full 0):
 PSYoungGen      total 18944K, used 16309K [0x00000007aab00000, 0x00000007ac000000, 0x00000007c0000000)
  eden space 16384K, 86% used [0x00000007aab00000,0x00000007ab8d5700,0x00000007abb00000)
  from space 2560K, 83% used [0x00000007abb00000,0x00000007abd18020,0x00000007abd80000)
  to   space 2560K, 0% used [0x00000007abd80000,0x00000007abd80000,0x00000007ac000000)
 ParOldGen       total 44032K, used 16K [0x0000000780000000, 0x0000000782b00000, 0x00000007aab00000)
  object space 44032K, 0% used [0x0000000780000000,0x0000000780004000,0x0000000782b00000)
 Metaspace       used 9382K, capacity 9552K, committed 9728K, reserved 1058816K
  class space    used 1127K, capacity 1180K, committed 1280K, reserved 1048576K
Event: 37.088 GC heap after
Heap after GC invocations=2 (full 0):
 PSYoungGen      total 18944K, used 2064K [0x00000007aab00000, 0x00000007ad000000, 0x00000007c0000000)
  eden space 16384K, 0% used [0x00000007aab00000,0x00000007aab00000,0x00000007abb00000)
  from space 2560K, 80% used [0x00000007abd80000,0x00000007abf84010,0x00000007ac000000)
  to   space 2560K, 0% used [0x00000007abb00000,0x00000007abb00000,0x00000007abd80000)
 ParOldGen       total 44032K, used 3243K [0x0000000780000000, 0x0000000782b00000, 0x00000007aab00000)
  object space 44032K, 7% used [0x0000000780000000,0x000000078032aca0,0x0000000782b00000)
 Metaspace       used 9382K, capacity 9552K, committed 9728K, reserved 1058816K
  class space    used 1127K, capacity 1180K, committed 1280K, reserved 1048576K
}
Event: 43.413 GC heap before
{Heap before GC invocations=3 (full 0):
 PSYoungGen      total 18944K, used 16326K [0x00000007aab00000, 0x00000007ad000000, 0x00000007c0000000)
  eden space 16384K, 87% used [0x00000007aab00000,0x00000007ab8ed918,0x00000007abb00000)
  from space 2560K, 80% used [0x00000007abd80000,0x00000007abf84010,0x00000007ac000000)
  to   space 2560K, 0% used [0x00000007abb00000,0x00000007abb00000,0x00000007abd80000)
 ParOldGen       total 44032K, used 3243K [0x0000000780000000, 0x0000000782b00000, 0x00000007aab00000)
  object space 44032K, 7% used [0x0000000780000000,0x000000078032aca0,0x0000000782b00000)
 Metaspace       used 9384K, capacity 9552K, committed 9728K, reserved 1058816K
  class space    used 1127K, capacity 1180K, committed 1280K, reserved 1048576K
Event: 43.444 GC heap after
Heap after GC invocations=3 (full 0):
 PSYoungGen      total 18944K, used 2096K [0x00000007aab00000, 0x00000007ad000000, 0x00000007c0000000)
  eden space 16384K, 0% used [0x00000007aab00000,0x00000007aab00000,0x00000007abb00000)
  from space 2560K, 81% used [0x00000007abb00000,0x00000007abd0c010,0x00000007abd80000)
  to   space 2560K, 0% used [0x00000007acd80000,0x00000007acd80000,0x00000007ad000000)
 ParOldGen       total 44032K, used 22558K [0x0000000780000000, 0x0000000782b00000, 0x00000007aab00000)
  object space 44032K, 51% used [0x0000000780000000,0x0000000781607860,0x0000000782b00000)
 Metaspace       used 9384K, capacity 9552K, committed 9728K, reserved 1058816K
  class space    used 1127K, capacity 1180K, committed 1280K, reserved 1048576K
}
Event: 49.074 GC heap before
{Heap before GC invocations=4 (full 1):
 PSYoungGen      total 18944K, used 15845K [0x00000007aab00000, 0x00000007ad000000, 0x00000007c0000000)
  eden space 16384K, 83% used [0x00000007aab00000,0x00000007ab86d6a0,0x00000007abb00000)
  from space 2560K, 81% used [0x00000007abb00000,0x00000007abd0c010,0x00000007abd80000)
  to   space 2560K, 0% used [0x00000007acd80000,0x00000007acd80000,0x00000007ad000000)
 ParOldGen       total 44032K, used 28996K [0x0000000780000000, 0x0000000782b00000, 0x00000007aab00000)
  object space 44032K, 65% used [0x0000000780000000,0x0000000781c511a0,0x0000000782b00000)
 Metaspace       used 9395K, capacity 9552K, committed 9728K, reserved 1058816K
  class space    used 1127K, capacity 1180K, committed 1280K, reserved 1048576K
Event: 49.245 GC heap after
Heap after GC invocations=4 (full 1):
 PSYoungGen      total 18944K, used 0K [0x00000007aab00000, 0x00000007ad000000, 0x00000007c0000000)
  eden space 16384K, 0% used [0x00000007aab00000,0x00000007aab00000,0x00000007abb00000)
  from space 2560K, 0% used [0x00000007abb00000,0x00000007abb00000,0x00000007abd80000)
  to   space 2560K, 0% used [0x00000007acd80000,0x00000007acd80000,0x00000007ad000000)
 ParOldGen       total 50688K, used 11633K [0x0000000780000000, 0x0000000783180000, 0x00000007aab00000)
  object space 50688K, 22% used [0x0000000780000000,0x0000000780b5c7a8,0x0000000783180000)
 Metaspace       used 9394K, capacity 9550K, committed 9728K, reserved 1058816K
  class space    used 1126K, capacity 1179K, committed 1280K, reserved 1048576K
}

